TN:
SF:src/domain/checkout/entity/order.ts
FN:8,Order
FN:16,get id
FN:20,get customerId
FN:24,get items
FN:28,validate
FN:46,total
FNF:6
FNH:3
FNDA:9,Order
FNDA:0,get id
FNDA:0,get customerId
FNDA:0,get items
FNDA:9,validate
FNDA:16,total
DA:1,1
DA:2,1
DA:3,1
DA:4,1
DA:5,1
DA:6,1
DA:7,1
DA:8,1
DA:9,9
DA:10,9
DA:11,9
DA:12,9
DA:13,9
DA:14,9
DA:15,1
DA:16,1
DA:17,0
DA:18,0
DA:19,1
DA:20,1
DA:21,0
DA:22,0
DA:23,1
DA:24,1
DA:25,0
DA:26,0
DA:27,1
DA:28,1
DA:29,9
DA:30,1
DA:31,1
DA:32,9
DA:33,1
DA:34,1
DA:35,9
DA:36,1
DA:37,1
DA:38,9
DA:39,9
DA:40,1
DA:41,1
DA:42,5
DA:43,5
DA:44,5
DA:45,1
DA:46,1
DA:47,16
DA:48,16
DA:49,1
LF:49
LH:43
BRDA:8,0,0,9
BRDA:28,1,0,9
BRDA:29,2,0,1
BRDA:32,3,0,1
BRDA:35,4,0,1
BRDA:39,5,0,1
BRDA:42,6,0,5
BRDA:39,7,0,7
BRDA:46,8,0,16
BRDA:47,9,0,15
BRF:10
BRH:10
end_of_record
TN:
SF:src/domain/checkout/entity/order_item.ts
FN:8,OrderItem
FN:22,get id
FN:26,get name
FN:30,get productId
FN:34,get quantity
FN:38,get price
FNF:6
FNH:3
FNDA:6,OrderItem
FNDA:0,get id
FNDA:0,get name
FNDA:0,get productId
FNDA:7,get quantity
FNDA:15,get price
DA:1,1
DA:2,1
DA:3,1
DA:4,1
DA:5,1
DA:6,1
DA:7,1
DA:8,1
DA:9,6
DA:10,6
DA:11,6
DA:12,6
DA:13,6
DA:14,6
DA:15,6
DA:16,6
DA:17,6
DA:18,6
DA:19,6
DA:20,6
DA:21,1
DA:22,1
DA:23,0
DA:24,0
DA:25,1
DA:26,1
DA:27,0
DA:28,0
DA:29,1
DA:30,1
DA:31,0
DA:32,0
DA:33,1
DA:34,1
DA:35,7
DA:36,7
DA:37,1
DA:38,1
DA:39,15
DA:40,15
DA:41,1
LF:41
LH:35
BRDA:8,0,0,6
BRDA:34,1,0,7
BRDA:38,2,0,15
BRF:3
BRH:3
end_of_record
TN:
SF:src/domain/checkout/service/order.service.ts
FN:7,placeOrder
FN:16,total
FNF:2
FNH:2
FNDA:1,placeOrder
FNDA:1,total
DA:1,1
DA:2,1
DA:3,1
DA:4,1
DA:5,1
DA:6,1
DA:7,1
DA:8,1
DA:9,0
DA:10,0
DA:11,1
DA:12,1
DA:13,1
DA:14,1
DA:15,1
DA:16,1
DA:17,1
DA:18,1
DA:19,1
LF:19
LH:17
BRDA:7,0,0,1
BRDA:8,1,0,0
BRDA:16,2,0,1
BRDA:17,3,0,2
BRF:4
BRH:3
end_of_record
TN:
SF:src/domain/customer/entity/customer.ts
FN:5,<instance_members_initializer>
FN:10,Customer
FN:16,get id
FN:20,get name
FN:24,get rewardPoints
FN:28,validate
FN:37,changeName
FN:42,get Address
FN:46,changeAddress
FN:50,isActive
FN:54,activate
FN:61,deactivate
FN:65,addRewardPoints
FN:69,set Address
FNF:14
FNH:12
FNDA:8,<instance_members_initializer>
FNDA:8,Customer
FNDA:1,get id
FNDA:1,get name
FNDA:4,get rewardPoints
FNDA:9,validate
FNDA:1,changeName
FNDA:0,get Address
FNDA:0,changeAddress
FNDA:2,isActive
FNDA:2,activate
FNDA:1,deactivate
FNDA:3,addRewardPoints
FNDA:1,set Address
DA:1,1
DA:2,1
DA:3,1
DA:4,1
DA:5,1
DA:6,8
DA:7,8
DA:8,1
DA:9,1
DA:10,1
DA:11,8
DA:12,8
DA:13,8
DA:14,8
DA:15,1
DA:16,1
DA:17,1
DA:18,1
DA:19,1
DA:20,1
DA:21,1
DA:22,1
DA:23,1
DA:24,1
DA:25,4
DA:26,4
DA:27,1
DA:28,1
DA:29,9
DA:30,1
DA:31,1
DA:32,9
DA:33,1
DA:34,1
DA:35,9
DA:36,1
DA:37,1
DA:38,1
DA:39,1
DA:40,1
DA:41,1
DA:42,1
DA:43,0
DA:44,0
DA:45,1
DA:46,1
DA:47,0
DA:48,0
DA:49,1
DA:50,1
DA:51,2
DA:52,2
DA:53,1
DA:54,1
DA:55,2
DA:56,1
DA:57,1
DA:58,1
DA:59,1
DA:60,1
DA:61,1
DA:62,1
DA:63,1
DA:64,1
DA:65,1
DA:66,3
DA:67,3
DA:68,1
DA:69,1
DA:70,1
DA:71,1
DA:72,1
LF:72
LH:68
BRDA:5,0,0,8
BRDA:10,1,0,8
BRDA:16,2,0,1
BRDA:20,3,0,1
BRDA:24,4,0,4
BRDA:28,5,0,9
BRDA:29,6,0,1
BRDA:32,7,0,8
BRDA:32,8,0,1
BRDA:37,9,0,1
BRDA:50,10,0,2
BRDA:54,11,0,2
BRDA:55,12,0,1
BRDA:61,13,0,1
BRDA:65,14,0,3
BRDA:69,15,0,1
BRF:16
BRH:16
end_of_record
TN:
SF:src/domain/customer/value-object/address.ts
FN:2,<instance_members_initializer>
FN:7,Address
FN:16,get street
FN:20,get number
FN:24,get zip
FN:28,get city
FN:32,validate
FN:47,toString
FNF:8
FNH:8
FNDA:6,<instance_members_initializer>
FNDA:6,Address
FNDA:1,get street
FNDA:1,get number
FNDA:1,get zip
FNDA:1,get city
FNDA:6,validate
FNDA:1,toString
DA:1,1
DA:2,1
DA:3,6
DA:4,6
DA:5,1
DA:6,1
DA:7,1
DA:8,6
DA:9,6
DA:10,6
DA:11,6
DA:12,6
DA:13,6
DA:14,6
DA:15,1
DA:16,1
DA:17,1
DA:18,1
DA:19,1
DA:20,1
DA:21,1
DA:22,1
DA:23,1
DA:24,1
DA:25,1
DA:26,1
DA:27,1
DA:28,1
DA:29,1
DA:30,1
DA:31,1
DA:32,1
DA:33,6
DA:34,1
DA:35,1
DA:36,6
DA:37,1
DA:38,1
DA:39,6
DA:40,1
DA:41,1
DA:42,6
DA:43,1
DA:44,1
DA:45,6
DA:46,1
DA:47,1
DA:48,1
DA:49,1
DA:50,1
LF:50
LH:50
BRDA:2,0,0,6
BRDA:7,1,0,6
BRDA:16,2,0,1
BRDA:20,3,0,1
BRDA:24,4,0,1
BRDA:28,5,0,1
BRDA:32,6,0,6
BRDA:33,7,0,1
BRDA:36,8,0,1
BRDA:39,9,0,1
BRDA:42,10,0,1
BRDA:47,11,0,1
BRF:12
BRH:12
end_of_record
TN:
SF:src/domain/product/entity/product.ts
FN:6,Product
FN:13,get id
FN:17,get name
FN:21,get price
FN:25,changeName
FN:30,changePrice
FN:35,validate
FNF:7
FNH:7
FNDA:15,Product
FNDA:8,get id
FNDA:8,get name
FNDA:14,get price
FNDA:2,changeName
FNDA:4,changePrice
FNDA:21,validate
DA:1,1
DA:2,1
DA:3,1
DA:4,1
DA:5,1
DA:6,1
DA:7,15
DA:8,15
DA:9,15
DA:10,15
DA:11,15
DA:12,1
DA:13,1
DA:14,8
DA:15,8
DA:16,1
DA:17,1
DA:18,8
DA:19,8
DA:20,1
DA:21,1
DA:22,14
DA:23,14
DA:24,1
DA:25,1
DA:26,2
DA:27,2
DA:28,2
DA:29,1
DA:30,1
DA:31,4
DA:32,4
DA:33,4
DA:34,1
DA:35,1
DA:36,21
DA:37,1
DA:38,1
DA:39,21
DA:40,1
DA:41,1
DA:42,21
DA:43,1
DA:44,1
DA:45,21
DA:46,21
DA:47,1
LF:47
LH:47
BRDA:6,0,0,15
BRDA:13,1,0,8
BRDA:17,2,0,8
BRDA:21,3,0,14
BRDA:25,4,0,2
BRDA:30,5,0,4
BRDA:35,6,0,21
BRDA:36,7,0,1
BRDA:39,8,0,1
BRDA:42,9,0,1
BRF:10
BRH:10
end_of_record
TN:
SF:src/domain/product/service/product.service.ts
FN:4,increasePrice
FNF:1
FNH:1
FNDA:1,increasePrice
DA:1,1
DA:2,1
DA:3,1
DA:4,1
DA:5,1
DA:6,2
DA:7,1
DA:8,1
DA:9,1
DA:10,1
LF:10
LH:10
BRDA:4,0,0,1
BRDA:5,1,0,2
BRF:2
BRH:2
end_of_record
TN:
SF:src/infrastructure/product/repository/sequelize/product.model.ts
FNF:0
FNH:0
DA:1,1
DA:2,1
DA:3,1
DA:4,1
DA:5,1
DA:6,1
DA:7,1
DA:8,1
DA:9,1
DA:10,1
DA:11,1
DA:12,1
DA:13,1
DA:14,1
DA:15,1
DA:16,1
DA:17,1
LF:17
LH:17
BRF:0
BRH:0
end_of_record
TN:
SF:src/infrastructure/product/repository/sequelize/product.repository.ts
FN:6,create
FN:14,update
FN:28,find
FN:37,findAll
FNF:4
FNH:4
FNDA:5,create
FNDA:1,update
FNDA:1,find
FNDA:1,findAll
DA:1,1
DA:2,1
DA:3,1
DA:4,1
DA:5,1
DA:6,1
DA:7,5
DA:8,5
DA:9,5
DA:10,5
DA:11,5
DA:12,5
DA:13,1
DA:14,1
DA:15,1
DA:16,1
DA:17,1
DA:18,1
DA:19,1
DA:20,1
DA:21,1
DA:22,1
DA:23,1
DA:24,1
DA:25,1
DA:26,1
DA:27,1
DA:28,1
DA:29,1
DA:30,1
DA:31,1
DA:32,1
DA:33,1
DA:34,1
DA:35,1
DA:36,1
DA:37,1
DA:38,1
DA:39,1
DA:40,2
DA:41,1
DA:42,1
DA:43,1
LF:43
LH:43
BRDA:6,0,0,5
BRDA:14,1,0,1
BRDA:28,2,0,1
BRDA:37,3,0,1
BRDA:39,4,0,2
BRF:5
BRH:5
end_of_record
